{
  "RSpec": {
    "coverage": {
      "/Users/jenniferabella/Development/test_example/app/helpers/application_helper.rb": [
        1,
        null
      ],
      "/Users/jenniferabella/Development/test_example/app/controllers/ice_creams_controller.rb": [
        1,
        1,
        1,
        null,
        1,
        1,
        2,
        null,
        null,
        null,
        1,
        0,
        null,
        null,
        1,
        null,
        1,
        0,
        null,
        null
      ],
      "/Users/jenniferabella/Development/test_example/app/controllers/application_controller.rb": [
        1,
        1,
        null
      ],
      "/Users/jenniferabella/Development/test_example/app/controllers/toppings_controller.rb": [
        1,
        1,
        3,
        null,
        null,
        1,
        2,
        null,
        null,
        1,
        0,
        0,
        null,
        null,
        1,
        null,
        1,
        2,
        null,
        null
      ],
      "/Users/jenniferabella/Development/test_example/app/models/topping.rb": [
        1,
        1,
        null,
        1,
        1,
        null,
        1,
        3,
        null,
        14,
        null,
        null,
        null,
        null,
        null,
        null
      ],
      "/Users/jenniferabella/Development/test_example/app/models/add_on.rb": [
        1,
        1,
        null,
        null
      ],
      "/Users/jenniferabella/Development/test_example/app/models/ice_cream.rb": [
        1,
        null,
        1,
        null,
        1,
        1,
        1,
        1,
        null,
        1,
        4,
        null,
        null,
        null,
        null
      ],
      "/Users/jenniferabella/Development/test_example/app/channels/application_cable/channel.rb": [
        0,
        0,
        0,
        0
      ],
      "/Users/jenniferabella/Development/test_example/app/channels/application_cable/connection.rb": [
        0,
        0,
        0,
        0
      ],
      "/Users/jenniferabella/Development/test_example/app/jobs/application_job.rb": [
        0,
        0
      ],
      "/Users/jenniferabella/Development/test_example/app/mailers/application_mailer.rb": [
        0,
        0,
        0,
        0
      ],
      "/Users/jenniferabella/Development/test_example/app/models/application_record.rb": [
        0,
        0,
        0
      ]
    },
    "timestamp": 1500914112
  }
}
